\BOOKMARK [0][-]{chapter*.1}{\376\377\000W\000s\000t\001\031\000p}{}% 1
\BOOKMARK [0][-]{chapter.1}{\376\377\000A\000n\000a\000l\000i\000z\000a\000\040\000p\000r\000o\000b\000l\000e\000m\000u\000\040\000i\000\040\000c\000e\000l\000\040\000p\000r\000o\000j\000e\000k\000t\000u}{}% 2
\BOOKMARK [1][-]{section.1.1}{\376\377\000O\000p\000i\000s\000\040\000p\000r\000o\000b\000l\000e\000m\000u\000\040\000w\000s\000p\000\363\001\102\000d\000z\000i\000e\000l\000e\000n\000i\000a\000\040\000o\000b\000o\000w\000i\001\005\000z\000k\000\363\000w\000\040\000d\000o\000m\000o\000w\000y\000c\000h}{chapter.1}% 3
\BOOKMARK [1][-]{section.1.2}{\376\377\000C\000e\000l\000\040\000i\000\040\000z\000a\000k\000r\000e\000s\000\040\000a\000p\000l\000i\000k\000a\000c\000j\000i}{chapter.1}% 4
\BOOKMARK [1][-]{section.1.3}{\376\377\000A\000n\000a\000l\000i\000z\000a\000\040\000i\000s\000t\000n\000i\000e\000j\001\005\000c\000y\000c\000h\000\040\000r\000o\000z\000w\000i\001\005\000z\000a\001\104}{chapter.1}% 5
\BOOKMARK [2][-]{subsection.1.3.1}{\376\377\000S\000p\000l\000i\000t\000w\000i\000s\000e}{section.1.3}% 6
\BOOKMARK [2][-]{subsection.1.3.2}{\376\377\000T\000r\000e\000l\000l\000o\000\040\000/\000\040\000A\000s\000a\000n\000a}{section.1.3}% 7
\BOOKMARK [2][-]{subsection.1.3.3}{\376\377\000O\000u\000r\000G\000r\000o\000c\000e\000r\000i\000e\000s}{section.1.3}% 8
\BOOKMARK [2][-]{subsection.1.3.4}{\376\377\000R\000o\000z\000w\000i\001\005\000z\000a\000n\000i\000a\000\040\000z\000i\000n\000t\000e\000g\000r\000o\000w\000a\000n\000e\000\040\000\050\000n\000p\000.\000\040\000O\000u\000r\000H\000o\000m\000e\000,\000\040\000C\000o\000z\000i\000\051}{section.1.3}% 9
\BOOKMARK [1][-]{section.1.4}{\376\377\000P\000o\000d\000s\000u\000m\000o\000w\000a\000n\000i\000e\000\040\000a\000n\000a\000l\000i\000z\000y}{chapter.1}% 10
\BOOKMARK [0][-]{chapter.2}{\376\377\000S\000p\000e\000c\000y\000f\000i\000k\000a\000c\000j\000a\000\040\000w\000y\000m\000a\000g\000a\001\104\000\040\000i\000\040\000p\000r\000o\000j\000e\000k\000t\000\040\000s\000y\000s\000t\000e\000m\000u}{}% 11
\BOOKMARK [1][-]{section.2.1}{\376\377\000W\000y\000m\000a\000g\000a\000n\000i\000a\000\040\000f\000u\000n\000k\000c\000j\000o\000n\000a\000l\000n\000e}{chapter.2}% 12
\BOOKMARK [2][-]{subsection.2.1.1}{\376\377\000M\000o\000d\000u\001\102\000\040\000U\001\174\000y\000t\000k\000o\000w\000n\000i\000k\000a\000\040\000i\000\040\000U\000w\000i\000e\000r\000z\000y\000t\000e\000l\000n\000i\000a\000n\000i\000a}{section.2.1}% 13
\BOOKMARK [2][-]{subsection.2.1.2}{\376\377\000M\000o\000d\000u\001\102\000\040\000D\000o\000m\000u\000\040\000\050\000H\000o\000m\000e\000\051}{section.2.1}% 14
\BOOKMARK [2][-]{subsection.2.1.3}{\376\377\000M\000o\000d\000u\001\102\000\040\000Z\000a\000d\000a\001\104\000\040\000\050\000T\000a\000s\000k\000s\000\051}{section.2.1}% 15
\BOOKMARK [2][-]{subsection.2.1.4}{\376\377\000M\000o\000d\000u\001\102\000\040\000F\000i\000n\000a\000n\000s\000o\000w\000y\000\040\000\050\000B\000i\000l\000l\000s\000\051}{section.2.1}% 16
\BOOKMARK [2][-]{subsection.2.1.5}{\376\377\000M\000o\000d\000u\001\102\000\040\000Z\000a\000k\000u\000p\000\363\000w\000\040\000\050\000S\000h\000o\000p\000p\000i\000n\000g\000\051}{section.2.1}% 17
\BOOKMARK [2][-]{subsection.2.1.6}{\376\377\000M\000o\000d\000u\001\102\000\040\000A\000n\000k\000i\000e\000t\000\040\000\050\000P\000o\000l\000l\000s\000\051}{section.2.1}% 18
\BOOKMARK [1][-]{section.2.2}{\376\377\000W\000y\000m\000a\000g\000a\000n\000i\000a\000\040\000n\000i\000e\000f\000u\000n\000k\000c\000j\000o\000n\000a\000l\000n\000e}{chapter.2}% 19
\BOOKMARK [1][-]{section.2.3}{\376\377\000P\000r\000o\000j\000e\000k\000t\000\040\000s\000y\000s\000t\000e\000m\000u}{chapter.2}% 20
\BOOKMARK [2][-]{subsection.2.3.1}{\376\377\000A\000r\000c\000h\000i\000t\000e\000k\000t\000u\000r\000a\000\040\000k\000l\000i\000e\000n\000t\000-\000s\000e\000r\000w\000e\000r}{section.2.3}% 21
\BOOKMARK [2][-]{subsection.2.3.2}{\376\377\000P\000r\000o\000j\000e\000k\000t\000\040\000b\000a\000z\000y\000\040\000d\000a\000n\000y\000c\000h\000\040\000P\000o\000s\000t\000g\000r\000e\000S\000Q\000L}{section.2.3}% 22
\BOOKMARK [2][-]{subsection.2.3.3}{\376\377\000D\000i\000a\000g\000r\000a\000m\000\040\000E\000R\000D}{section.2.3}% 23
\BOOKMARK [2][-]{subsection.2.3.4}{\376\377\000M\000o\000d\000e\000l\000e\000\040\000G\000O\000R\000M\000\040\000i\000\040\000r\000e\000l\000a\000c\000j\000e}{section.2.3}% 24
\BOOKMARK [0][-]{chapter.3}{\376\377\000W\000y\000b\000\363\000r\000\040\000t\000e\000c\000h\000n\000o\000l\000o\000g\000i\000i}{}% 25
\BOOKMARK [1][-]{section.3.1}{\376\377\000B\000a\000c\000k\000e\000n\000d\000\040\040\024\000\040\000G\000o\000,\000\040\000G\000O\000R\000M\000,\000\040\000P\000o\000s\000t\000g\000r\000e\000S\000Q\000L\000,\000\040\000C\000h\000i\000\040\000R\000o\000u\000t\000e\000r}{chapter.3}% 26
\BOOKMARK [2][-]{subsection.3.1.1}{\376\377\000U\000z\000a\000s\000a\000d\000n\000i\000e\000n\000i\000e\000\040\000w\000y\000b\000o\000r\000u\000\040\000G\000o}{section.3.1}% 27
\BOOKMARK [2][-]{subsection.3.1.2}{\376\377\000F\000r\000a\000m\000e\000w\000o\000r\000k\000\040\000i\000\040\000b\000i\000b\000l\000i\000o\000t\000e\000k\000i\000\040\000b\000a\000c\000k\000e\000n\000d\000o\000w\000e}{section.3.1}% 28
\BOOKMARK [1][-]{section.3.2}{\376\377\000F\000r\000o\000n\000t\000e\000n\000d\000\040\040\024\000\040\000R\000e\000a\000c\000t\000\040\000N\000a\000t\000i\000v\000e\000,\000\040\000E\000x\000p\000o\000,\000\040\000T\000y\000p\000e\000S\000c\000r\000i\000p\000t}{chapter.3}% 29
\BOOKMARK [2][-]{subsection.3.2.1}{\376\377\000C\000h\000a\000r\000a\000k\000t\000e\000r\000y\000s\000t\000y\000k\000a\000\040\000R\000e\000a\000c\000t\000\040\000N\000a\000t\000i\000v\000e}{section.3.2}% 30
\BOOKMARK [2][-]{subsection.3.2.2}{\376\377\000P\000l\000a\000t\000f\000o\000r\000m\000a\000\040\000E\000x\000p\000o}{section.3.2}% 31
\BOOKMARK [2][-]{subsection.3.2.3}{\376\377\000Z\000a\000r\000z\001\005\000d\000z\000a\000n\000i\000e\000\040\000s\000t\000a\000n\000e\000m\000\040\000i\000\040\000k\000o\000m\000u\000n\000i\000k\000a\000c\000j\000a\000\040\000z\000\040\000A\000P\000I}{section.3.2}% 32
\BOOKMARK [1][-]{section.3.3}{\376\377\000I\000n\000t\000e\000g\000r\000a\000c\000j\000a\000\040\000b\000a\000c\000k\000e\000n\000d\040\023\000f\000r\000o\000n\000t\000e\000n\000d\000\040\000\050\000R\000E\000S\000T\000\040\000A\000P\000I\000\051}{chapter.3}% 33
\BOOKMARK [1][-]{section.3.4}{\376\377\000T\000e\000s\000t\000y\000\040\000j\000e\000d\000n\000o\000s\000t\000k\000o\000w\000e\000\040\000i\000\040\000i\000n\000t\000e\000g\000r\000a\000c\000y\000j\000n\000e\000\040\000w\000\040\000G\000o}{chapter.3}% 34
\BOOKMARK [1][-]{section.3.5}{\376\377\000P\000o\000d\000s\000u\000m\000o\000w\000a\000n\000i\000e}{chapter.3}% 35
\BOOKMARK [0][-]{chapter.4}{\376\377\000I\000m\000p\000l\000e\000m\000e\000n\000t\000a\000c\000j\000a\000\040\000s\000y\000s\000t\000e\000m\000u}{}% 36
\BOOKMARK [1][-]{section.4.1}{\376\377\000S\000t\000r\000u\000k\000t\000u\000r\000a\000\040\000p\000r\000o\000j\000e\000k\000t\000u\000\040\000b\000a\000c\000k\000e\000n\000d}{chapter.4}% 37
\BOOKMARK [1][-]{section.4.2}{\376\377\000E\000n\000d\000p\000o\000i\000n\000t\000s\000\040\000A\000P\000I\000\040\000i\000\040\000r\000o\000u\000t\000i\000n\000g\000\040\000w\000\040\000C\000h\000i}{chapter.4}% 38
\BOOKMARK [2][-]{subsection.4.2.1}{\376\377\000D\000o\000k\000u\000m\000e\000n\000t\000a\000c\000j\000a\000\040\000A\000P\000I\000\040\000\050\000S\000w\000a\000g\000g\000e\000r\000\051}{section.4.2}% 39
\BOOKMARK [1][-]{section.4.3}{\376\377\000M\000o\000d\000e\000l\000e\000\040\000d\000a\000n\000y\000c\000h\000\040\000i\000\040\000m\000i\000g\000r\000a\000c\000j\000e}{chapter.4}% 40
\BOOKMARK [1][-]{section.4.4}{\376\377\000S\000y\000s\000t\000e\000m\000\040\000a\000u\000t\000o\000r\000y\000z\000a\000c\000j\000i\000\040\000i\000\040\000J\000W\000T}{chapter.4}% 41
\BOOKMARK [1][-]{section.4.5}{\376\377\000O\000b\000s\001\102\000u\000g\000a\000\040\000b\001\102\001\031\000d\000\363\000w\000\040\000i\000\040\000w\000a\000l\000i\000d\000a\000c\000j\000a\000\040\000d\000a\000n\000y\000c\000h}{chapter.4}% 42
\BOOKMARK [1][-]{section.4.6}{\376\377\000I\000n\000t\000e\000g\000r\000a\000c\000j\000a\000\040\000z\000\040\000O\000C\000R\000\040\000d\000l\000a\000\040\000r\000a\000c\000h\000u\000n\000k\000\363\000w}{chapter.4}% 43
\BOOKMARK [1][-]{section.4.7}{\376\377\000S\000t\000r\000u\000k\000t\000u\000r\000a\000\040\000p\000r\000o\000j\000e\000k\000t\000u\000\040\000f\000r\000o\000n\000t\000e\000n\000d}{chapter.4}% 44
\BOOKMARK [1][-]{section.4.8}{\376\377\000I\000n\000t\000e\000r\000f\000e\000j\000s\000\040\000u\001\174\000y\000t\000k\000o\000w\000n\000i\000k\000a\000\040\000\050\000U\000I\000\051\000\040\000-\000\040\000P\000r\000e\000z\000e\000n\000t\000a\000c\000j\000a\000\040\000a\000p\000l\000i\000k\000a\000c\000j\000i}{chapter.4}% 45
\BOOKMARK [2][-]{subsection.4.8.1}{\376\377\000E\000k\000r\000a\000n\000\040\000l\000o\000g\000o\000w\000a\000n\000i\000a\000\040\000i\000\040\000r\000e\000j\000e\000s\000t\000r\000a\000c\000j\000i}{section.4.8}% 46
\BOOKMARK [2][-]{subsection.4.8.2}{\376\377\000P\000u\000l\000p\000i\000t\000\040\000g\001\102\000\363\000w\000n\000y\000\040\000\050\000D\000a\000s\000h\000b\000o\000a\000r\000d\000\051}{section.4.8}% 47
\BOOKMARK [2][-]{subsection.4.8.3}{\376\377\000Z\000a\000r\000z\001\005\000d\000z\000a\000n\000i\000e\000\040\000z\000a\000d\000a\000n\000i\000a\000m\000i}{section.4.8}% 48
\BOOKMARK [2][-]{subsection.4.8.4}{\376\377\000S\000k\000a\000n\000o\000w\000a\000n\000i\000e\000\040\000r\000a\000c\000h\000u\000n\000k\000\363\000w\000\040\000\050\000O\000C\000R\000\051}{section.4.8}% 49
\BOOKMARK [1][-]{section.4.9}{\376\377\000W\000y\000b\000r\000a\000n\000e\000\040\000f\000r\000a\000g\000m\000e\000n\000t\000y\000\040\000k\000o\000d\000u\000\040\000f\000r\000o\000n\000t\000e\000n\000d\000o\000w\000e\000g\000o}{chapter.4}% 50
\BOOKMARK [0][-]{chapter.5}{\376\377\000B\000a\000d\000a\000n\000i\000a\000\040\000i\000\040\000t\000e\000s\000t\000y\000\040\000s\000y\000s\000t\000e\000m\000u}{}% 51
\BOOKMARK [1][-]{section.5.1}{\376\377\000S\000c\000e\000n\000a\000r\000i\000u\000s\000z\000e\000\040\000t\000e\000s\000t\000o\000w\000e}{chapter.5}% 52
\BOOKMARK [2][-]{subsection.5.1.1}{\376\377\000S\000c\000e\000n\000a\000r\000i\000u\000s\000z\000\040\0001\000:\000\040\000K\000o\000n\000f\000i\000g\000u\000r\000a\000c\000j\000a\000\040\000n\000o\000w\000e\000g\000o\000\040\000g\000o\000s\000p\000o\000d\000a\000r\000s\000t\000w\000a\000\040\000d\000o\000m\000o\000w\000e\000g\000o}{section.5.1}% 53
\BOOKMARK [2][-]{subsection.5.1.2}{\376\377\000S\000c\000e\000n\000a\000r\000i\000u\000s\000z\000\040\0002\000:\000\040\000D\000o\000d\000a\000w\000a\000n\000i\000e\000\040\000i\000\040\000r\000o\000z\000l\000i\000c\000z\000a\000n\000i\000e\000\040\000r\000a\000c\000h\000u\000n\000k\000u\000\040\000z\000\040\000O\000C\000R}{section.5.1}% 54
\BOOKMARK [1][-]{section.5.2}{\376\377\000T\000e\000s\000t\000y\000\040\000f\000u\000n\000k\000c\000j\000o\000n\000a\000l\000n\000e\000\040\000b\000a\000c\000k\000e\000n\000d\000u}{chapter.5}% 55
\BOOKMARK [1][-]{section.5.3}{\376\377\000T\000e\000s\000t\000y\000\040\000i\000n\000t\000e\000r\000f\000e\000j\000s\000u\000\040\000m\000o\000b\000i\000l\000n\000e\000g\000o}{chapter.5}% 56
\BOOKMARK [1][-]{section.5.4}{\376\377\000W\000y\000n\000i\000k\000i\000\040\000i\000\040\000w\000n\000i\000o\000s\000k\000i\000\040\000z\000\040\000t\000e\000s\000t\000\363\000w}{chapter.5}% 57
\BOOKMARK [0][-]{section.5.4}{\376\377\000P\000o\000d\000s\000u\000m\000o\000w\000a\000n\000i\000e}{}% 58
\BOOKMARK [0][-]{chapter.6}{\376\377\000P\000o\000d\000s\000u\000m\000o\000w\000a\000n\000i\000e\000\040\000i\000\040\000w\000n\000i\000o\000s\000k\000i}{}% 59
\BOOKMARK [1][-]{section.6.1}{\376\377\000R\000e\000a\000l\000i\000z\000a\000c\000j\000a\000\040\000c\000e\000l\000\363\000w\000\040\000p\000r\000a\000c\000y}{chapter.6}% 60
\BOOKMARK [1][-]{section.6.2}{\376\377\000W\000n\000i\000o\000s\000k\000i\000\040\000z\000\040\000r\000e\000a\000l\000i\000z\000a\000c\000j\000i\000\040\000p\000r\000o\000j\000e\000k\000t\000u}{chapter.6}% 61
\BOOKMARK [1][-]{section.6.3}{\376\377\000K\000i\000e\000r\000u\000n\000k\000i\000\040\000d\000a\000l\000s\000z\000e\000g\000o\000\040\000r\000o\000z\000w\000o\000j\000u}{chapter.6}% 62
\BOOKMARK [0][-]{chapter*.10}{\376\377\000S\000p\000i\000s\000\040\000l\000i\000t\000e\000r\000a\000t\000u\000r\000y}{}% 63
\BOOKMARK [1][-]{section*.11}{\376\377\000K\000s\000i\001\005\001\174\000k\000i}{chapter*.10}% 64
\BOOKMARK [1][-]{section*.12}{\376\377\000A\000r\000t\000y\000k\000u\001\102\000y}{chapter*.10}% 65
\BOOKMARK [1][-]{section*.13}{\376\377\001\171\000r\000\363\000d\001\102\000a\000\040\000i\000n\000t\000e\000r\000n\000e\000t\000o\000w\000e\000\040\000i\000\040\000i\000n\000n\000e}{chapter*.10}% 66
\BOOKMARK [0][-]{appendix.A}{\376\377\000I\000n\000s\000t\000r\000u\000k\000c\000j\000a\000\040\000i\000n\000s\000t\000a\000l\000a\000c\000j\000i\000\040\000i\000\040\000u\000r\000u\000c\000h\000o\000m\000i\000e\000n\000i\000a}{}% 67
\BOOKMARK [1][-]{section.A.1}{\376\377\000W\000y\000m\000a\000g\000a\000n\000i\000a\000\040\000w\000s\000t\001\031\000p\000n\000e}{appendix.A}% 68
\BOOKMARK [1][-]{section.A.2}{\376\377\000U\000r\000u\000c\000h\000o\000m\000i\000e\000n\000i\000e\000\040\000s\000e\000r\000w\000e\000r\000a\000\040\000\050\000B\000a\000c\000k\000e\000n\000d\000\051}{appendix.A}% 69
\BOOKMARK [1][-]{section.A.3}{\376\377\000U\000r\000u\000c\000h\000o\000m\000i\000e\000n\000i\000e\000\040\000a\000p\000l\000i\000k\000a\000c\000j\000i\000\040\000m\000o\000b\000i\000l\000n\000e\000j\000\040\000\050\000F\000r\000o\000n\000t\000e\000n\000d\000\051}{appendix.A}% 70
\BOOKMARK [1][-]{section.A.4}{\376\377\000K\000o\000n\000f\000i\000g\000u\000r\000a\000c\000j\000a\000\040\000z\000m\000i\000e\000n\000n\000y\000c\000h\000\040\001\133\000r\000o\000d\000o\000w\000i\000s\000k\000o\000w\000y\000c\000h}{appendix.A}% 71
